#
# A fatal error has been detected by the Java Runtime Environment:
#
#  Internal Error (./src/hotspot/share/jvmci/jvmciRuntime.cpp:1554), pid=20868, tid=13912
#  fatal error: Fatal exception in JVMCI: Exception during JVMCI compiler initialization
#
# JRE version: OpenJDK Runtime Environment GraalVM CE 22.3.0 (11.0.17+8) (build 11.0.17+8-jvmci-22.3-b08)
# Java VM: OpenJDK 64-Bit Server VM GraalVM CE 22.3.0 (11.0.17+8-jvmci-22.3-b08, mixed mode, sharing, tiered, jvmci, jvmci compiler, compressed oops, g1 gc, windows-amd64)
# No core dump will be written. Minidumps are not enabled by default on client versions of Windows
#
# If you would like to submit a bug report, please visit:
#   https://github.com/oracle/graal/issues
#

---------------  S U M M A R Y ------------

Command Line: -XX:ThreadPriorityPolicy=1 -XX:+UnlockExperimentalVMOptions -XX:+EnableJVMCIProduct -XX:JVMCIThreadsPerNativeLibraryRuntime=1 -XX:-UnlockExperimentalVMOptions -Djavax.net.ssl.trustStore=C:\keystore\keystore.jks -Djavax.net.ssl.trustStorePassword=changeit -Dclassworlds.conf=C:\ProgramData\chocolatey\lib\maven\apache-maven-3.8.7\bin\m2.conf -Dmaven.home=C:\ProgramData\chocolatey\lib\maven\apache-maven-3.8.7 -Dlibrary.jansi.path=C:\ProgramData\chocolatey\lib\maven\apache-maven-3.8.7\lib\jansi-native -Dmaven.multiModuleProjectDirectory=C:\Users\10015760\Downloads\f00188-sim-card-registration-ch-barring-cqr-and-retry-master\f00188-sim-card-registration-ch-barring-cqr-and-retry org.codehaus.plexus.classworlds.launcher.Launcher clean install -U quarkus:dev

Host: Intel(R) Core(TM) i5-10210U CPU @ 1.60GHz, 8 cores, 15G,  Windows 10 , 64 bit Build 19041 (10.0.19041.2364)
Time: Mon Feb  6 17:37:34 2023 Malay Peninsula Standard Time elapsed time: 2.096791 seconds (0d 0h 0m 2s)

---------------  T H R E A D  ---------------

Current thread (0x000001648ae20800):  JavaThread "JVMCI-native CompilerThread0" daemon [_thread_in_vm, id=13912, stack(0x0000003cd8b00000,0x0000003cd8c00000)]


Current CompileTask:
JVMCI-native:   2096 2631       4       org.codehaus.plexus.util.xml.pull.MXParser::nextImpl (1202 bytes)

Stack: [0x0000003cd8b00000,0x0000003cd8c00000]
Native frames: (J=compiled Java code, j=interpreted, Vv=VM code, C=native code)
V  [jvm.dll+0x63742a]
V  [jvm.dll+0x774579]
V  [jvm.dll+0x775c68]
V  [jvm.dll+0x244774]
V  [jvm.dll+0x494c05]
V  [jvm.dll+0x493208]
V  [jvm.dll+0x20d855]
V  [jvm.dll+0x20bbfe]
V  [jvm.dll+0x737150]
V  [jvm.dll+0x72fd84]
V  [jvm.dll+0x636325]
C  [ucrtbase.dll+0x21bb2]
C  [KERNEL32.DLL+0x17614]
C  [ntdll.dll+0x526a1]


---------------  P R O C E S S  ---------------

Threads class SMR info:
_java_thread_list=0x000001648aedb3a0, length=12, elements={
0x00000164de40e000, 0x00000164ffda9000, 0x00000164ffdaa000, 0x000001648ae0e000,
0x000001648ae0f000, 0x000001648ae12000, 0x000001648ae20800, 0x000001648ae21800,
0x000001648ae3b000, 0x00000164ffd8a800, 0x000001648af4a800, 0x000001648af4d800
}

Java Threads: ( => current thread )
  0x00000164de40e000 JavaThread "main" [_thread_in_Java, id=26092, stack(0x0000003cd7f00000,0x0000003cd8000000)]
  0x00000164ffda9000 JavaThread "Reference Handler" daemon [_thread_blocked, id=5440, stack(0x0000003cd8600000,0x0000003cd8700000)]
  0x00000164ffdaa000 JavaThread "Finalizer" daemon [_thread_blocked, id=13604, stack(0x0000003cd8700000,0x0000003cd8800000)]
  0x000001648ae0e000 JavaThread "Signal Dispatcher" daemon [_thread_blocked, id=18932, stack(0x0000003cd8800000,0x0000003cd8900000)]
  0x000001648ae0f000 JavaThread "Attach Listener" daemon [_thread_blocked, id=16512, stack(0x0000003cd8900000,0x0000003cd8a00000)]
  0x000001648ae12000 JavaThread "Service Thread" daemon [_thread_blocked, id=6884, stack(0x0000003cd8a00000,0x0000003cd8b00000)]
=>0x000001648ae20800 JavaThread "JVMCI-native CompilerThread0" daemon [_thread_in_vm, id=13912, stack(0x0000003cd8b00000,0x0000003cd8c00000)]
  0x000001648ae21800 JavaThread "C1 CompilerThread0" daemon [_thread_blocked, id=14092, stack(0x0000003cd8c00000,0x0000003cd8d00000)]
  0x000001648ae3b000 JavaThread "Sweeper thread" daemon [_thread_blocked, id=20892, stack(0x0000003cd8d00000,0x0000003cd8e00000)]
  0x00000164ffd8a800 JavaThread "Common-Cleaner" daemon [_thread_blocked, id=1596, stack(0x0000003cd8e00000,0x0000003cd8f00000)]
  0x000001648af4a800 JavaThread "C1 CompilerThread1" daemon [_thread_in_native, id=25624, stack(0x0000003cd8f00000,0x0000003cd9000000)]
  0x000001648af4d800 JavaThread "C1 CompilerThread2" daemon [_thread_blocked, id=5344, stack(0x0000003cd9000000,0x0000003cd9100000)]

Other Threads:
  0x00000164ffda7800 VMThread "VM Thread" [stack: 0x0000003cd8500000,0x0000003cd8600000] [id=14584]
  0x000001648af8c800 WatcherThread [stack: 0x0000003cd9100000,0x0000003cd9200000] [id=23116]
  0x00000164dff13800 GCTaskThread "GC Thread#0" [stack: 0x0000003cd8000000,0x0000003cd8100000] [id=5548]
  0x000001648b80f800 GCTaskThread "GC Thread#1" [stack: 0x0000003cd9200000,0x0000003cd9300000] [id=21076]
  0x000001648b810800 GCTaskThread "GC Thread#2" [stack: 0x0000003cd9300000,0x0000003cd9400000] [id=11136]
  0x000001648b8f1800 GCTaskThread "GC Thread#3" [stack: 0x0000003cd9400000,0x0000003cd9500000] [id=6844]
  0x000001648b8f8000 GCTaskThread "GC Thread#4" [stack: 0x0000003cd9500000,0x0000003cd9600000] [id=6136]
  0x000001648b8fd800 GCTaskThread "GC Thread#5" [stack: 0x0000003cd9600000,0x0000003cd9700000] [id=22688]
  0x00000164ffbe4000 ConcurrentGCThread "G1 Main Marker" [stack: 0x0000003cd8100000,0x0000003cd8200000] [id=18640]
  0x00000164ffbe6000 ConcurrentGCThread "G1 Conc#0" [stack: 0x0000003cd8200000,0x0000003cd8300000] [id=23852]
  0x00000164ffd0d000 ConcurrentGCThread "G1 Refine#0" [stack: 0x0000003cd8300000,0x0000003cd8400000] [id=4200]
  0x00000164ffd10000 ConcurrentGCThread "G1 Young RemSet Sampling" [stack: 0x0000003cd8400000,0x0000003cd8500000] [id=9576]

Threads with active compile tasks:
JVMCI-native CompilerThread0     2144 2631       4       org.codehaus.plexus.util.xml.pull.MXParser::nextImpl (1202 bytes)

VM state:not at safepoint (normal execution)

VM Mutex/Monitor currently owned by a thread: None

Heap address: 0x0000000702800000, size: 4056 MB, Compressed Oops mode: Zero based, Oop shift amount: 3
Narrow klass base: 0x0000000800000000, Narrow klass shift: 3
Compressed class space size: 1073741824 Address: 0x0000000840000000

Heap:
 garbage-first heap   total 260096K, used 69125K [0x0000000702800000, 0x0000000800000000)
  region size 1024K, 68 young (69632K), 3 survivors (3072K)
 Metaspace       used 13812K, capacity 14958K, committed 15104K, reserved 1062912K
  class space    used 1507K, capacity 1735K, committed 1792K, reserved 1048576K
Heap Regions: E=young(eden), S=young(survivor), O=old, HS=humongous(starts), HC=humongous(continues), CS=collection set, F=free, A=archive, TAMS=top-at-mark-start (previous, next)
|   0|0x0000000702800000, 0x0000000702881400, 0x0000000702900000| 50%| O|  |TAMS 0x0000000702800000, 0x0000000702800000| Untracked 
|   1|0x0000000702900000, 0x0000000702900000, 0x0000000702a00000|  0%| F|  |TAMS 0x0000000702900000, 0x0000000702900000| Untracked 
|   2|0x0000000702a00000, 0x0000000702a00000, 0x0000000702b00000|  0%| F|  |TAMS 0x0000000702a00000, 0x0000000702a00000| Untracked 
|   3|0x0000000702b00000, 0x0000000702b00000, 0x0000000702c00000|  0%| F|  |TAMS 0x0000000702b00000, 0x0000000702b00000| Untracked 
|   4|0x0000000702c00000, 0x0000000702c00000, 0x0000000702d00000|  0%| F|  |TAMS 0x0000000702c00000, 0x0000000702c00000| Untracked 
|   5|0x0000000702d00000, 0x0000000702d00000, 0x0000000702e00000|  0%| F|  |TAMS 0x0000000702d00000, 0x0000000702d00000| Untracked 
|   6|0x0000000702e00000, 0x0000000702e00000, 0x0000000702f00000|  0%| F|  |TAMS 0x0000000702e00000, 0x0000000702e00000| Untracked 
|   7|0x0000000702f00000, 0x0000000702f00000, 0x0000000703000000|  0%| F|  |TAMS 0x0000000702f00000, 0x0000000702f00000| Untracked 
|   8|0x0000000703000000, 0x0000000703000000, 0x0000000703100000|  0%| F|  |TAMS 0x0000000703000000, 0x0000000703000000| Untracked 
|   9|0x0000000703100000, 0x0000000703100000, 0x0000000703200000|  0%| F|  |TAMS 0x0000000703100000, 0x0000000703100000| Untracked 
|  10|0x0000000703200000, 0x0000000703200000, 0x0000000703300000|  0%| F|  |TAMS 0x0000000703200000, 0x0000000703200000| Untracked 
|  11|0x0000000703300000, 0x0000000703300000, 0x0000000703400000|  0%| F|  |TAMS 0x0000000703300000, 0x0000000703300000| Untracked 
|  12|0x0000000703400000, 0x0000000703400000, 0x0000000703500000|  0%| F|  |TAMS 0x0000000703400000, 0x0000000703400000| Untracked 
|  13|0x0000000703500000, 0x0000000703500000, 0x0000000703600000|  0%| F|  |TAMS 0x0000000703500000, 0x0000000703500000| Untracked 
|  14|0x0000000703600000, 0x0000000703600000, 0x0000000703700000|  0%| F|  |TAMS 0x0000000703600000, 0x0000000703600000| Untracked 
|  15|0x0000000703700000, 0x0000000703700000, 0x0000000703800000|  0%| F|  |TAMS 0x0000000703700000, 0x0000000703700000| Untracked 
|  16|0x0000000703800000, 0x0000000703800000, 0x0000000703900000|  0%| F|  |TAMS 0x0000000703800000, 0x0000000703800000| Untracked 
|  17|0x0000000703900000, 0x0000000703900000, 0x0000000703a00000|  0%| F|  |TAMS 0x0000000703900000, 0x0000000703900000| Untracked 
|  18|0x0000000703a00000, 0x0000000703a00000, 0x0000000703b00000|  0%| F|  |TAMS 0x0000000703a00000, 0x0000000703a00000| Untracked 
|  19|0x0000000703b00000, 0x0000000703b00000, 0x0000000703c00000|  0%| F|  |TAMS 0x0000000703b00000, 0x0000000703b00000| Untracked 
|  20|0x0000000703c00000, 0x0000000703c00000, 0x0000000703d00000|  0%| F|  |TAMS 0x0000000703c00000, 0x0000000703c00000| Untracked 
|  21|0x0000000703d00000, 0x0000000703d00000, 0x0000000703e00000|  0%| F|  |TAMS 0x0000000703d00000, 0x0000000703d00000| Untracked 
|  22|0x0000000703e00000, 0x0000000703e00000, 0x0000000703f00000|  0%| F|  |TAMS 0x0000000703e00000, 0x0000000703e00000| Untracked 
|  23|0x0000000703f00000, 0x0000000703f00000, 0x0000000704000000|  0%| F|  |TAMS 0x0000000703f00000, 0x0000000703f00000| Untracked 
|  24|0x0000000704000000, 0x0000000704000000, 0x0000000704100000|  0%| F|  |TAMS 0x0000000704000000, 0x0000000704000000| Untracked 
|  25|0x0000000704100000, 0x0000000704100000, 0x0000000704200000|  0%| F|  |TAMS 0x0000000704100000, 0x0000000704100000| Untracked 
|  26|0x0000000704200000, 0x0000000704200000, 0x0000000704300000|  0%| F|  |TAMS 0x0000000704200000, 0x0000000704200000| Untracked 
|  27|0x0000000704300000, 0x0000000704300000, 0x0000000704400000|  0%| F|  |TAMS 0x0000000704300000, 0x0000000704300000| Untracked 
|  28|0x0000000704400000, 0x0000000704400000, 0x0000000704500000|  0%| F|  |TAMS 0x0000000704400000, 0x0000000704400000| Untracked 
|  29|0x0000000704500000, 0x0000000704500000, 0x0000000704600000|  0%| F|  |TAMS 0x0000000704500000, 0x0000000704500000| Untracked 
|  30|0x0000000704600000, 0x0000000704600000, 0x0000000704700000|  0%| F|  |TAMS 0x0000000704600000, 0x0000000704600000| Untracked 
|  31|0x0000000704700000, 0x0000000704700000, 0x0000000704800000|  0%| F|  |TAMS 0x0000000704700000, 0x0000000704700000| Untracked 
|  32|0x0000000704800000, 0x0000000704800000, 0x0000000704900000|  0%| F|  |TAMS 0x0000000704800000, 0x0000000704800000| Untracked 
|  33|0x0000000704900000, 0x0000000704900000, 0x0000000704a00000|  0%| F|  |TAMS 0x0000000704900000, 0x0000000704900000| Untracked 
|  34|0x0000000704a00000, 0x0000000704a00000, 0x0000000704b00000|  0%| F|  |TAMS 0x0000000704a00000, 0x0000000704a00000| Untracked 
|  35|0x0000000704b00000, 0x0000000704b00000, 0x0000000704c00000|  0%| F|  |TAMS 0x0000000704b00000, 0x0000000704b00000| Untracked 
|  36|0x0000000704c00000, 0x0000000704c00000, 0x0000000704d00000|  0%| F|  |TAMS 0x0000000704c00000, 0x0000000704c00000| Untracked 
|  37|0x0000000704d00000, 0x0000000704d00000, 0x0000000704e00000|  0%| F|  |TAMS 0x0000000704d00000, 0x0000000704d00000| Untracked 
|  38|0x0000000704e00000, 0x0000000704e00000, 0x0000000704f00000|  0%| F|  |TAMS 0x0000000704e00000, 0x0000000704e00000| Untracked 
|  39|0x0000000704f00000, 0x0000000704f00000, 0x0000000705000000|  0%| F|  |TAMS 0x0000000704f00000, 0x0000000704f00000| Untracked 
|  40|0x0000000705000000, 0x0000000705000000, 0x0000000705100000|  0%| F|  |TAMS 0x0000000705000000, 0x0000000705000000| Untracked 
|  41|0x0000000705100000, 0x0000000705100000, 0x0000000705200000|  0%| F|  |TAMS 0x0000000705100000, 0x0000000705100000| Untracked 
|  42|0x0000000705200000, 0x0000000705200000, 0x0000000705300000|  0%| F|  |TAMS 0x0000000705200000, 0x0000000705200000| Untracked 
|  43|0x0000000705300000, 0x0000000705300000, 0x0000000705400000|  0%| F|  |TAMS 0x0000000705300000, 0x0000000705300000| Untracked 
|  44|0x0000000705400000, 0x0000000705400000, 0x0000000705500000|  0%| F|  |TAMS 0x0000000705400000, 0x0000000705400000| Untracked 
|  45|0x0000000705500000, 0x0000000705500000, 0x0000000705600000|  0%| F|  |TAMS 0x0000000705500000, 0x0000000705500000| Untracked 
|  46|0x0000000705600000, 0x0000000705600000, 0x0000000705700000|  0%| F|  |TAMS 0x0000000705600000, 0x0000000705600000| Untracked 
|  47|0x0000000705700000, 0x0000000705700000, 0x0000000705800000|  0%| F|  |TAMS 0x0000000705700000, 0x0000000705700000| Untracked 
|  48|0x0000000705800000, 0x0000000705800000, 0x0000000705900000|  0%| F|  |TAMS 0x0000000705800000, 0x0000000705800000| Untracked 
|  49|0x0000000705900000, 0x0000000705900000, 0x0000000705a00000|  0%| F|  |TAMS 0x0000000705900000, 0x0000000705900000| Untracked 
|  50|0x0000000705a00000, 0x0000000705a00000, 0x0000000705b00000|  0%| F|  |TAMS 0x0000000705a00000, 0x0000000705a00000| Untracked 
|  51|0x0000000705b00000, 0x0000000705b00000, 0x0000000705c00000|  0%| F|  |TAMS 0x0000000705b00000, 0x0000000705b00000| Untracked 
|  52|0x0000000705c00000, 0x0000000705c00000, 0x0000000705d00000|  0%| F|  |TAMS 0x0000000705c00000, 0x0000000705c00000| Untracked 
|  53|0x0000000705d00000, 0x0000000705d00000, 0x0000000705e00000|  0%| F|  |TAMS 0x0000000705d00000, 0x0000000705d00000| Untracked 
|  54|0x0000000705e00000, 0x0000000705e00000, 0x0000000705f00000|  0%| F|  |TAMS 0x0000000705e00000, 0x0000000705e00000| Untracked 
|  55|0x0000000705f00000, 0x0000000705f00000, 0x0000000706000000|  0%| F|  |TAMS 0x0000000705f00000, 0x0000000705f00000| Untracked 
|  56|0x0000000706000000, 0x0000000706000000, 0x0000000706100000|  0%| F|  |TAMS 0x0000000706000000, 0x0000000706000000| Untracked 
|  57|0x0000000706100000, 0x0000000706100000, 0x0000000706200000|  0%| F|  |TAMS 0x0000000706100000, 0x0000000706100000| Untracked 
|  58|0x0000000706200000, 0x0000000706200000, 0x0000000706300000|  0%| F|  |TAMS 0x0000000706200000, 0x0000000706200000| Untracked 
|  59|0x0000000706300000, 0x0000000706300000, 0x0000000706400000|  0%| F|  |TAMS 0x0000000706300000, 0x0000000706300000| Untracked 
|  60|0x0000000706400000, 0x0000000706400000, 0x0000000706500000|  0%| F|  |TAMS 0x0000000706400000, 0x0000000706400000| Untracked 
|  61|0x0000000706500000, 0x0000000706500000, 0x0000000706600000|  0%| F|  |TAMS 0x0000000706500000, 0x0000000706500000| Untracked 
|  62|0x0000000706600000, 0x0000000706600000, 0x0000000706700000|  0%| F|  |TAMS 0x0000000706600000, 0x0000000706600000| Untracked 
|  63|0x0000000706700000, 0x0000000706700000, 0x0000000706800000|  0%| F|  |TAMS 0x0000000706700000, 0x0000000706700000| Untracked 
|  64|0x0000000706800000, 0x0000000706800000, 0x0000000706900000|  0%| F|  |TAMS 0x0000000706800000, 0x0000000706800000| Untracked 
|  65|0x0000000706900000, 0x0000000706900000, 0x0000000706a00000|  0%| F|  |TAMS 0x0000000706900000, 0x0000000706900000| Untracked 
|  66|0x0000000706a00000, 0x0000000706a00000, 0x0000000706b00000|  0%| F|  |TAMS 0x0000000706a00000, 0x0000000706a00000| Untracked 
|  67|0x0000000706b00000, 0x0000000706b00000, 0x0000000706c00000|  0%| F|  |TAMS 0x0000000706b00000, 0x0000000706b00000| Untracked 
|  68|0x0000000706c00000, 0x0000000706c00000, 0x0000000706d00000|  0%| F|  |TAMS 0x0000000706c00000, 0x0000000706c00000| Untracked 
|  69|0x0000000706d00000, 0x0000000706d00000, 0x0000000706e00000|  0%| F|  |TAMS 0x0000000706d00000, 0x0000000706d00000| Untracked 
|  70|0x0000000706e00000, 0x0000000706e00000, 0x0000000706f00000|  0%| F|  |TAMS 0x0000000706e00000, 0x0000000706e00000| Untracked 
|  71|0x0000000706f00000, 0x0000000706f00000, 0x0000000707000000|  0%| F|  |TAMS 0x0000000706f00000, 0x0000000706f00000| Untracked 
|  72|0x0000000707000000, 0x0000000707000000, 0x0000000707100000|  0%| F|  |TAMS 0x0000000707000000, 0x0000000707000000| Untracked 
|  73|0x0000000707100000, 0x0000000707100000, 0x0000000707200000|  0%| F|  |TAMS 0x0000000707100000, 0x0000000707100000| Untracked 
|  74|0x0000000707200000, 0x0000000707200000, 0x0000000707300000|  0%| F|  |TAMS 0x0000000707200000, 0x0000000707200000| Untracked 
|  75|0x0000000707300000, 0x0000000707300000, 0x0000000707400000|  0%| F|  |TAMS 0x0000000707300000, 0x0000000707300000| Untracked 
|  76|0x0000000707400000, 0x0000000707400000, 0x0000000707500000|  0%| F|  |TAMS 0x0000000707400000, 0x0000000707400000| Untracked 
|  77|0x0000000707500000, 0x0000000707500000, 0x0000000707600000|  0%| F|  |TAMS 0x0000000707500000, 0x0000000707500000| Untracked 
|  78|0x0000000707600000, 0x0000000707600000, 0x0000000707700000|  0%| F|  |TAMS 0x0000000707600000, 0x0000000707600000| Untracked 
|  79|0x0000000707700000, 0x0000000707700000, 0x0000000707800000|  0%| F|  |TAMS 0x0000000707700000, 0x0000000707700000| Untracked 
|  80|0x0000000707800000, 0x0000000707800000, 0x0000000707900000|  0%| F|  |TAMS 0x0000000707800000, 0x0000000707800000| Untracked 
|  81|0x0000000707900000, 0x0000000707900000, 0x0000000707a00000|  0%| F|  |TAMS 0x0000000707900000, 0x0000000707900000| Untracked 
|  82|0x0000000707a00000, 0x0000000707a00000, 0x0000000707b00000|  0%| F|  |TAMS 0x0000000707a00000, 0x0000000707a00000| Untracked 
|  83|0x0000000707b00000, 0x0000000707b00000, 0x0000000707c00000|  0%| F|  |TAMS 0x0000000707b00000, 0x0000000707b00000| Untracked 
|  84|0x0000000707c00000, 0x0000000707c00000, 0x0000000707d00000|  0%| F|  |TAMS 0x0000000707c00000, 0x0000000707c00000| Untracked 
|  85|0x0000000707d00000, 0x0000000707d00000, 0x0000000707e00000|  0%| F|  |TAMS 0x0000000707d00000, 0x0000000707d00000| Untracked 
|  86|0x0000000707e00000, 0x0000000707e00000, 0x0000000707f00000|  0%| F|  |TAMS 0x0000000707e00000, 0x0000000707e00000| Untracked 
|  87|0x0000000707f00000, 0x0000000707f00000, 0x0000000708000000|  0%| F|  |TAMS 0x0000000707f00000, 0x0000000707f00000| Untracked 
|  88|0x0000000708000000, 0x0000000708000000, 0x0000000708100000|  0%| F|  |TAMS 0x0000000708000000, 0x0000000708000000| Untracked 
|  89|0x0000000708100000, 0x0000000708100000, 0x0000000708200000|  0%| F|  |TAMS 0x0000000708100000, 0x0000000708100000| Untracked 
|  90|0x0000000708200000, 0x0000000708200000, 0x0000000708300000|  0%| F|  |TAMS 0x0000000708200000, 0x0000000708200000| Untracked 
|  91|0x0000000708300000, 0x0000000708300000, 0x0000000708400000|  0%| F|  |TAMS 0x0000000708300000, 0x0000000708300000| Untracked 
|  92|0x0000000708400000, 0x0000000708400000, 0x0000000708500000|  0%| F|  |TAMS 0x0000000708400000, 0x0000000708400000| Untracked 
|  93|0x0000000708500000, 0x0000000708500000, 0x0000000708600000|  0%| F|  |TAMS 0x0000000708500000, 0x0000000708500000| Untracked 
|  94|0x0000000708600000, 0x0000000708600000, 0x0000000708700000|  0%| F|  |TAMS 0x0000000708600000, 0x0000000708600000| Untracked 
|  95|0x0000000708700000, 0x0000000708700000, 0x0000000708800000|  0%| F|  |TAMS 0x0000000708700000, 0x0000000708700000| Untracked 
|  96|0x0000000708800000, 0x0000000708800000, 0x0000000708900000|  0%| F|  |TAMS 0x0000000708800000, 0x0000000708800000| Untracked 
|  97|0x0000000708900000, 0x0000000708900000, 0x0000000708a00000|  0%| F|  |TAMS 0x0000000708900000, 0x0000000708900000| Untracked 
|  98|0x0000000708a00000, 0x0000000708a00000, 0x0000000708b00000|  0%| F|  |TAMS 0x0000000708a00000, 0x0000000708a00000| Untracked 
|  99|0x0000000708b00000, 0x0000000708b00000, 0x0000000708c00000|  0%| F|  |TAMS 0x0000000708b00000, 0x0000000708b00000| Untracked 
| 100|0x0000000708c00000, 0x0000000708c00000, 0x0000000708d00000|  0%| F|  |TAMS 0x0000000708c00000, 0x0000000708c00000| Untracked 
| 101|0x0000000708d00000, 0x0000000708d00000, 0x0000000708e00000|  0%| F|  |TAMS 0x0000000708d00000, 0x0000000708d00000| Untracked 
| 102|0x0000000708e00000, 0x0000000708e00000, 0x0000000708f00000|  0%| F|  |TAMS 0x0000000708e00000, 0x0000000708e00000| Untracked 
| 103|0x0000000708f00000, 0x0000000708f00000, 0x0000000709000000|  0%| F|  |TAMS 0x0000000708f00000, 0x0000000708f00000| Untracked 
| 104|0x0000000709000000, 0x0000000709000000, 0x0000000709100000|  0%| F|  |TAMS 0x0000000709000000, 0x0000000709000000| Untracked 
| 105|0x0000000709100000, 0x0000000709100000, 0x0000000709200000|  0%| F|  |TAMS 0x0000000709100000, 0x0000000709100000| Untracked 
| 106|0x0000000709200000, 0x0000000709200000, 0x0000000709300000|  0%| F|  |TAMS 0x0000000709200000, 0x0000000709200000| Untracked 
| 107|0x0000000709300000, 0x0000000709300000, 0x0000000709400000|  0%| F|  |TAMS 0x0000000709300000, 0x0000000709300000| Untracked 
| 108|0x0000000709400000, 0x0000000709400000, 0x0000000709500000|  0%| F|  |TAMS 0x0000000709400000, 0x0000000709400000| Untracked 
| 109|0x0000000709500000, 0x0000000709500000, 0x0000000709600000|  0%| F|  |TAMS 0x0000000709500000, 0x0000000709500000| Untracked 
| 110|0x0000000709600000, 0x0000000709600000, 0x0000000709700000|  0%| F|  |TAMS 0x0000000709600000, 0x0000000709600000| Untracked 
| 111|0x0000000709700000, 0x0000000709700000, 0x0000000709800000|  0%| F|  |TAMS 0x0000000709700000, 0x0000000709700000| Untracked 
| 112|0x0000000709800000, 0x0000000709800000, 0x0000000709900000|  0%| F|  |TAMS 0x0000000709800000, 0x0000000709800000| Untracked 
| 113|0x0000000709900000, 0x0000000709900000, 0x0000000709a00000|  0%| F|  |TAMS 0x0000000709900000, 0x0000000709900000| Untracked 
| 114|0x0000000709a00000, 0x0000000709a00000, 0x0000000709b00000|  0%| F|  |TAMS 0x0000000709a00000, 0x0000000709a00000| Untracked 
| 115|0x0000000709b00000, 0x0000000709b00000, 0x0000000709c00000|  0%| F|  |TAMS 0x0000000709b00000, 0x0000000709b00000| Untracked 
| 116|0x0000000709c00000, 0x0000000709c00000, 0x0000000709d00000|  0%| F|  |TAMS 0x0000000709c00000, 0x0000000709c00000| Untracked 
| 117|0x0000000709d00000, 0x0000000709d00000, 0x0000000709e00000|  0%| F|  |TAMS 0x0000000709d00000, 0x0000000709d00000| Untracked 
| 118|0x0000000709e00000, 0x0000000709e00000, 0x0000000709f00000|  0%| F|  |TAMS 0x0000000709e00000, 0x0000000709e00000| Untracked 
| 119|0x0000000709f00000, 0x0000000709f00000, 0x000000070a000000|  0%| F|  |TAMS 0x0000000709f00000, 0x0000000709f00000| Untracked 
| 120|0x000000070a000000, 0x000000070a000000, 0x000000070a100000|  0%| F|  |TAMS 0x000000070a000000, 0x000000070a000000| Untracked 
| 121|0x000000070a100000, 0x000000070a100000, 0x000000070a200000|  0%| F|  |TAMS 0x000000070a100000, 0x000000070a100000| Untracked 
| 122|0x000000070a200000, 0x000000070a200000, 0x000000070a300000|  0%| F|  |TAMS 0x000000070a200000, 0x000000070a200000| Untracked 
| 123|0x000000070a300000, 0x000000070a300000, 0x000000070a400000|  0%| F|  |TAMS 0x000000070a300000, 0x000000070a300000| Untracked 
| 124|0x000000070a400000, 0x000000070a400000, 0x000000070a500000|  0%| F|  |TAMS 0x000000070a400000, 0x000000070a400000| Untracked 
| 125|0x000000070a500000, 0x000000070a500000, 0x000000070a600000|  0%| F|  |TAMS 0x000000070a500000, 0x000000070a500000| Untracked 
| 126|0x000000070a600000, 0x000000070a600000, 0x000000070a700000|  0%| F|  |TAMS 0x000000070a600000, 0x000000070a600000| Untracked 
| 127|0x000000070a700000, 0x000000070a700000, 0x000000070a800000|  0%| F|  |TAMS 0x000000070a700000, 0x000000070a700000| Untracked 
| 128|0x000000070a800000, 0x000000070a800000, 0x000000070a900000|  0%| F|  |TAMS 0x000000070a800000, 0x000000070a800000| Untracked 
| 129|0x000000070a900000, 0x000000070a900000, 0x000000070aa00000|  0%| F|  |TAMS 0x000000070a900000, 0x000000070a900000| Untracked 
| 130|0x000000070aa00000, 0x000000070aa00000, 0x000000070ab00000|  0%| F|  |TAMS 0x000000070aa00000, 0x000000070aa00000| Untracked 
| 131|0x000000070ab00000, 0x000000070ab00000, 0x000000070ac00000|  0%| F|  |TAMS 0x000000070ab00000, 0x000000070ab00000| Untracked 
| 132|0x000000070ac00000, 0x000000070ac00000, 0x000000070ad00000|  0%| F|  |TAMS 0x000000070ac00000, 0x000000070ac00000| Untracked 
| 133|0x000000070ad00000, 0x000000070ad00000, 0x000000070ae00000|  0%| F|  |TAMS 0x000000070ad00000, 0x000000070ad00000| Untracked 
| 134|0x000000070ae00000, 0x000000070ae00000, 0x000000070af00000|  0%| F|  |TAMS 0x000000070ae00000, 0x000000070ae00000| Untracked 
| 135|0x000000070af00000, 0x000000070af00000, 0x000000070b000000|  0%| F|  |TAMS 0x000000070af00000, 0x000000070af00000| Untracked 
| 136|0x000000070b000000, 0x000000070b000000, 0x000000070b100000|  0%| F|  |TAMS 0x000000070b000000, 0x000000070b000000| Untracked 
| 137|0x000000070b100000, 0x000000070b100000, 0x000000070b200000|  0%| F|  |TAMS 0x000000070b100000, 0x000000070b100000| Untracked 
| 138|0x000000070b200000, 0x000000070b200000, 0x000000070b300000|  0%| F|  |TAMS 0x000000070b200000, 0x000000070b200000| Untracked 
| 139|0x000000070b300000, 0x000000070b300000, 0x000000070b400000|  0%| F|  |TAMS 0x000000070b300000, 0x000000070b300000| Untracked 
| 140|0x000000070b400000, 0x000000070b400000, 0x000000070b500000|  0%| F|  |TAMS 0x000000070b400000, 0x000000070b400000| Untracked 
| 141|0x000000070b500000, 0x000000070b500000, 0x000000070b600000|  0%| F|  |TAMS 0x000000070b500000, 0x000000070b500000| Untracked 
| 142|0x000000070b600000, 0x000000070b600000, 0x000000070b700000|  0%| F|  |TAMS 0x000000070b600000, 0x000000070b600000| Untracked 
| 143|0x000000070b700000, 0x000000070b700000, 0x000000070b800000|  0%| F|  |TAMS 0x000000070b700000, 0x000000070b700000| Untracked 
| 144|0x000000070b800000, 0x000000070b800000, 0x000000070b900000|  0%| F|  |TAMS 0x000000070b800000, 0x000000070b800000| Untracked 
| 145|0x000000070b900000, 0x000000070b900000, 0x000000070ba00000|  0%| F|  |TAMS 0x000000070b900000, 0x000000070b900000| Untracked 
| 146|0x000000070ba00000, 0x000000070ba00000, 0x000000070bb00000|  0%| F|  |TAMS 0x000000070ba00000, 0x000000070ba00000| Untracked 
| 147|0x000000070bb00000, 0x000000070bb00000, 0x000000070bc00000|  0%| F|  |TAMS 0x000000070bb00000, 0x000000070bb00000| Untracked 
| 148|0x000000070bc00000, 0x000000070bc00000, 0x000000070bd00000|  0%| F|  |TAMS 0x000000070bc00000, 0x000000070bc00000| Untracked 
| 149|0x000000070bd00000, 0x000000070bd00000, 0x000000070be00000|  0%| F|  |TAMS 0x000000070bd00000, 0x000000070bd00000| Untracked 
| 150|0x000000070be00000, 0x000000070be00000, 0x000000070bf00000|  0%| F|  |TAMS 0x000000070be00000, 0x000000070be00000| Untracked 
| 151|0x000000070bf00000, 0x000000070bf00000, 0x000000070c000000|  0%| F|  |TAMS 0x000000070bf00000, 0x000000070bf00000| Untracked 
| 152|0x000000070c000000, 0x000000070c000000, 0x000000070c100000|  0%| F|  |TAMS 0x000000070c000000, 0x000000070c000000| Untracked 
| 153|0x000000070c100000, 0x000000070c100000, 0x000000070c200000|  0%| F|  |TAMS 0x000000070c100000, 0x000000070c100000| Untracked 
| 154|0x000000070c200000, 0x000000070c200000, 0x000000070c300000|  0%| F|  |TAMS 0x000000070c200000, 0x000000070c200000| Untracked 
| 155|0x000000070c300000, 0x000000070c300000, 0x000000070c400000|  0%| F|  |TAMS 0x000000070c300000, 0x000000070c300000| Untracked 
| 156|0x000000070c400000, 0x000000070c400000, 0x000000070c500000|  0%| F|  |TAMS 0x000000070c400000, 0x000000070c400000| Untracked 
| 157|0x000000070c500000, 0x000000070c500000, 0x000000070c600000|  0%| F|  |TAMS 0x000000070c500000, 0x000000070c500000| Untracked 
| 158|0x000000070c600000, 0x000000070c600000, 0x000000070c700000|  0%| F|  |TAMS 0x000000070c600000, 0x000000070c600000| Untracked 
| 159|0x000000070c700000, 0x000000070c700000, 0x000000070c800000|  0%| F|  |TAMS 0x000000070c700000, 0x000000070c700000| Untracked 
| 160|0x000000070c800000, 0x000000070c800000, 0x000000070c900000|  0%| F|  |TAMS 0x000000070c800000, 0x000000070c800000| Untracked 
| 161|0x000000070c900000, 0x000000070c900000, 0x000000070ca00000|  0%| F|  |TAMS 0x000000070c900000, 0x000000070c900000| Untracked 
| 162|0x000000070ca00000, 0x000000070ca00000, 0x000000070cb00000|  0%| F|  |TAMS 0x000000070ca00000, 0x000000070ca00000| Untracked 
| 163|0x000000070cb00000, 0x000000070cb00000, 0x000000070cc00000|  0%| F|  |TAMS 0x000000070cb00000, 0x000000070cb00000| Untracked 
| 164|0x000000070cc00000, 0x000000070cc00000, 0x000000070cd00000|  0%| F|  |TAMS 0x000000070cc00000, 0x000000070cc00000| Untracked 
| 165|0x000000070cd00000, 0x000000070cd00000, 0x000000070ce00000|  0%| F|  |TAMS 0x000000070cd00000, 0x000000070cd00000| Untracked 
| 166|0x000000070ce00000, 0x000000070ce00000, 0x000000070cf00000|  0%| F|  |TAMS 0x000000070ce00000, 0x000000070ce00000| Untracked 
| 167|0x000000070cf00000, 0x000000070cf00000, 0x000000070d000000|  0%| F|  |TAMS 0x000000070cf00000, 0x000000070cf00000| Untracked 
| 168|0x000000070d000000, 0x000000070d000000, 0x000000070d100000|  0%| F|  |TAMS 0x000000070d000000, 0x000000070d000000| Untracked 
| 169|0x000000070d100000, 0x000000070d100000, 0x000000070d200000|  0%| F|  |TAMS 0x000000070d100000, 0x000000070d100000| Untracked 
| 170|0x000000070d200000, 0x000000070d200000, 0x000000070d300000|  0%| F|  |TAMS 0x000000070d200000, 0x000000070d200000| Untracked 
| 171|0x000000070d300000, 0x000000070d300000, 0x000000070d400000|  0%| F|  |TAMS 0x000000070d300000, 0x000000070d300000| Untracked 
| 172|0x000000070d400000, 0x000000070d400000, 0x000000070d500000|  0%| F|  |TAMS 0x000000070d400000, 0x000000070d400000| Untracked 
| 173|0x000000070d500000, 0x000000070d500000, 0x000000070d600000|  0%| F|  |TAMS 0x000000070d500000, 0x000000070d500000| Untracked 
| 174|0x000000070d600000, 0x000000070d600000, 0x000000070d700000|  0%| F|  |TAMS 0x000000070d600000, 0x000000070d600000| Untracked 
| 175|0x000000070d700000, 0x000000070d700000, 0x000000070d800000|  0%| F|  |TAMS 0x000000070d700000, 0x000000070d700000| Untracked 
| 176|0x000000070d800000, 0x000000070d800000, 0x000000070d900000|  0%| F|  |TAMS 0x000000070d800000, 0x000000070d800000| Untracked 
| 177|0x000000070d900000, 0x000000070d900000, 0x000000070da00000|  0%| F|  |TAMS 0x000000070d900000, 0x000000070d900000| Untracked 
| 178|0x000000070da00000, 0x000000070da00000, 0x000000070db00000|  0%| F|  |TAMS 0x000000070da00000, 0x000000070da00000| Untracked 
| 179|0x000000070db00000, 0x000000070db00000, 0x000000070dc00000|  0%| F|  |TAMS 0x000000070db00000, 0x000000070db00000| Untracked 
| 180|0x000000070dc00000, 0x000000070dc00000, 0x000000070dd00000|  0%| F|  |TAMS 0x000000070dc00000, 0x000000070dc00000| Untracked 
| 181|0x000000070dd00000, 0x000000070dd00000, 0x000000070de00000|  0%| F|  |TAMS 0x000000070dd00000, 0x000000070dd00000| Untracked 
| 182|0x000000070de00000, 0x000000070de00000, 0x000000070df00000|  0%| F|  |TAMS 0x000000070de00000, 0x000000070de00000| Untracked 
| 183|0x000000070df00000, 0x000000070df00000, 0x000000070e000000|  0%| F|  |TAMS 0x000000070df00000, 0x000000070df00000| Untracked 
| 184|0x000000070e000000, 0x000000070e000000, 0x000000070e100000|  0%| F|  |TAMS 0x000000070e000000, 0x000000070e000000| Untracked 
| 185|0x000000070e100000, 0x000000070e200000, 0x000000070e200000|100%| E|  |TAMS 0x000000070e100000, 0x000000070e100000| Complete 
| 186|0x000000070e200000, 0x000000070e300000, 0x000000070e300000|100%| E|CS|TAMS 0x000000070e200000, 0x000000070e200000| Complete 
| 187|0x000000070e300000, 0x000000070e400000, 0x000000070e400000|100%| E|CS|TAMS 0x000000070e300000, 0x000000070e300000| Complete 
| 188|0x000000070e400000, 0x000000070e500000, 0x000000070e500000|100%| E|CS|TAMS 0x000000070e400000, 0x000000070e400000| Complete 
| 189|0x000000070e500000, 0x000000070e600000, 0x000000070e600000|100%| E|CS|TAMS 0x000000070e500000, 0x000000070e500000| Complete 
| 190|0x000000070e600000, 0x000000070e700000, 0x000000070e700000|100%| E|CS|TAMS 0x000000070e600000, 0x000000070e600000| Complete 
| 191|0x000000070e700000, 0x000000070e800000, 0x000000070e800000|100%| E|CS|TAMS 0x000000070e700000, 0x000000070e700000| Complete 
| 192|0x000000070e800000, 0x000000070e900000, 0x000000070e900000|100%| E|CS|TAMS 0x000000070e800000, 0x000000070e800000| Complete 
| 193|0x000000070e900000, 0x000000070ea00000, 0x000000070ea00000|100%| E|CS|TAMS 0x000000070e900000, 0x000000070e900000| Complete 
| 194|0x000000070ea00000, 0x000000070eb00000, 0x000000070eb00000|100%| E|CS|TAMS 0x000000070ea00000, 0x000000070ea00000| Complete 
| 195|0x000000070eb00000, 0x000000070ec00000, 0x000000070ec00000|100%| E|CS|TAMS 0x000000070eb00000, 0x000000070eb00000| Complete 
| 196|0x000000070ec00000, 0x000000070ed00000, 0x000000070ed00000|100%| E|CS|TAMS 0x000000070ec00000, 0x000000070ec00000| Complete 
| 197|0x000000070ed00000, 0x000000070ee00000, 0x000000070ee00000|100%| E|CS|TAMS 0x000000070ed00000, 0x000000070ed00000| Complete 
| 198|0x000000070ee00000, 0x000000070ef00000, 0x000000070ef00000|100%| E|CS|TAMS 0x000000070ee00000, 0x000000070ee00000| Complete 
| 199|0x000000070ef00000, 0x000000070f000000, 0x000000070f000000|100%| E|CS|TAMS 0x000000070ef00000, 0x000000070ef00000| Complete 
| 200|0x000000070f000000, 0x000000070f100000, 0x000000070f100000|100%| E|CS|TAMS 0x000000070f000000, 0x000000070f000000| Complete 
| 201|0x000000070f100000, 0x000000070f200000, 0x000000070f200000|100%| E|CS|TAMS 0x000000070f100000, 0x000000070f100000| Complete 
| 202|0x000000070f200000, 0x000000070f300000, 0x000000070f300000|100%| E|CS|TAMS 0x000000070f200000, 0x000000070f200000| Complete 
| 203|0x000000070f300000, 0x000000070f400000, 0x000000070f400000|100%| E|CS|TAMS 0x000000070f300000, 0x000000070f300000| Complete 
| 204|0x000000070f400000, 0x000000070f500000, 0x000000070f500000|100%| E|CS|TAMS 0x000000070f400000, 0x000000070f400000| Complete 
| 205|0x000000070f500000, 0x000000070f600000, 0x000000070f600000|100%| E|CS|TAMS 0x000000070f500000, 0x000000070f500000| Complete 
| 206|0x000000070f600000, 0x000000070f700000, 0x000000070f700000|100%| E|CS|TAMS 0x000000070f600000, 0x000000070f600000| Complete 
| 207|0x000000070f700000, 0x000000070f800000, 0x000000070f800000|100%| E|CS|TAMS 0x000000070f700000, 0x000000070f700000| Complete 
| 208|0x000000070f800000, 0x000000070f900000, 0x000000070f900000|100%| E|CS|TAMS 0x000000070f800000, 0x000000070f800000| Complete 
| 209|0x000000070f900000, 0x000000070fa00000, 0x000000070fa00000|100%| E|CS|TAMS 0x000000070f900000, 0x000000070f900000| Complete 
| 210|0x000000070fa00000, 0x000000070fb00000, 0x000000070fb00000|100%| E|CS|TAMS 0x000000070fa00000, 0x000000070fa00000| Complete 
| 211|0x000000070fb00000, 0x000000070fc00000, 0x000000070fc00000|100%| E|CS|TAMS 0x000000070fb00000, 0x000000070fb00000| Complete 
| 212|0x000000070fc00000, 0x000000070fd00000, 0x000000070fd00000|100%| E|CS|TAMS 0x000000070fc00000, 0x000000070fc00000| Complete 
| 213|0x000000070fd00000, 0x000000070fe00000, 0x000000070fe00000|100%| E|CS|TAMS 0x000000070fd00000, 0x000000070fd00000| Complete 
| 214|0x000000070fe00000, 0x000000070ff00000, 0x000000070ff00000|100%| E|CS|TAMS 0x000000070fe00000, 0x000000070fe00000| Complete 
| 215|0x000000070ff00000, 0x0000000710000000, 0x0000000710000000|100%| E|CS|TAMS 0x000000070ff00000, 0x000000070ff00000| Complete 
| 216|0x0000000710000000, 0x0000000710100000, 0x0000000710100000|100%| E|CS|TAMS 0x0000000710000000, 0x0000000710000000| Complete 
| 217|0x0000000710100000, 0x0000000710200000, 0x0000000710200000|100%| E|CS|TAMS 0x0000000710100000, 0x0000000710100000| Complete 
| 218|0x0000000710200000, 0x0000000710300000, 0x0000000710300000|100%| E|CS|TAMS 0x0000000710200000, 0x0000000710200000| Complete 
| 219|0x0000000710300000, 0x0000000710400000, 0x0000000710400000|100%| E|CS|TAMS 0x0000000710300000, 0x0000000710300000| Complete 
| 220|0x0000000710400000, 0x0000000710500000, 0x0000000710500000|100%| E|CS|TAMS 0x0000000710400000, 0x0000000710400000| Complete 
| 221|0x0000000710500000, 0x0000000710600000, 0x0000000710600000|100%| E|CS|TAMS 0x0000000710500000, 0x0000000710500000| Complete 
| 222|0x0000000710600000, 0x0000000710700000, 0x0000000710700000|100%| E|CS|TAMS 0x0000000710600000, 0x0000000710600000| Complete 
| 223|0x0000000710700000, 0x0000000710800000, 0x0000000710800000|100%| E|CS|TAMS 0x0000000710700000, 0x0000000710700000| Complete 
| 224|0x0000000710800000, 0x0000000710900000, 0x0000000710900000|100%| E|CS|TAMS 0x0000000710800000, 0x0000000710800000| Complete 
| 225|0x0000000710900000, 0x0000000710a00000, 0x0000000710a00000|100%| E|CS|TAMS 0x0000000710900000, 0x0000000710900000| Complete 
| 226|0x0000000710a00000, 0x0000000710b00000, 0x0000000710b00000|100%| E|CS|TAMS 0x0000000710a00000, 0x0000000710a00000| Complete 
| 227|0x0000000710b00000, 0x0000000710c00000, 0x0000000710c00000|100%| S|CS|TAMS 0x0000000710b00000, 0x0000000710b00000| Complete 
| 228|0x0000000710c00000, 0x0000000710d00000, 0x0000000710d00000|100%| S|CS|TAMS 0x0000000710c00000, 0x0000000710c00000| Complete 
| 229|0x0000000710d00000, 0x0000000710e00000, 0x0000000710e00000|100%| S|CS|TAMS 0x0000000710d00000, 0x0000000710d00000| Complete 
| 230|0x0000000710e00000, 0x0000000710f00000, 0x0000000710f00000|100%| E|CS|TAMS 0x0000000710e00000, 0x0000000710e00000| Complete 
| 231|0x0000000710f00000, 0x0000000711000000, 0x0000000711000000|100%| E|CS|TAMS 0x0000000710f00000, 0x0000000710f00000| Complete 
| 232|0x0000000711000000, 0x0000000711100000, 0x0000000711100000|100%| E|CS|TAMS 0x0000000711000000, 0x0000000711000000| Complete 
| 233|0x0000000711100000, 0x0000000711200000, 0x0000000711200000|100%| E|CS|TAMS 0x0000000711100000, 0x0000000711100000| Complete 
| 234|0x0000000711200000, 0x0000000711300000, 0x0000000711300000|100%| E|CS|TAMS 0x0000000711200000, 0x0000000711200000| Complete 
| 235|0x0000000711300000, 0x0000000711400000, 0x0000000711400000|100%| E|CS|TAMS 0x0000000711300000, 0x0000000711300000| Complete 
| 236|0x0000000711400000, 0x0000000711500000, 0x0000000711500000|100%| E|CS|TAMS 0x0000000711400000, 0x0000000711400000| Complete 
| 237|0x0000000711500000, 0x0000000711600000, 0x0000000711600000|100%| E|CS|TAMS 0x0000000711500000, 0x0000000711500000| Complete 
| 238|0x0000000711600000, 0x0000000711700000, 0x0000000711700000|100%| E|CS|TAMS 0x0000000711600000, 0x0000000711600000| Complete 
| 239|0x0000000711700000, 0x0000000711800000, 0x0000000711800000|100%| E|CS|TAMS 0x0000000711700000, 0x0000000711700000| Complete 
| 240|0x0000000711800000, 0x0000000711900000, 0x0000000711900000|100%| E|CS|TAMS 0x0000000711800000, 0x0000000711800000| Complete 
| 241|0x0000000711900000, 0x0000000711a00000, 0x0000000711a00000|100%| E|CS|TAMS 0x0000000711900000, 0x0000000711900000| Complete 
| 242|0x0000000711a00000, 0x0000000711b00000, 0x0000000711b00000|100%| E|CS|TAMS 0x0000000711a00000, 0x0000000711a00000| Complete 
| 243|0x0000000711b00000, 0x0000000711c00000, 0x0000000711c00000|100%| E|CS|TAMS 0x0000000711b00000, 0x0000000711b00000| Complete 
| 244|0x0000000711c00000, 0x0000000711d00000, 0x0000000711d00000|100%| E|CS|TAMS 0x0000000711c00000, 0x0000000711c00000| Complete 
| 245|0x0000000711d00000, 0x0000000711e00000, 0x0000000711e00000|100%| E|CS|TAMS 0x0000000711d00000, 0x0000000711d00000| Complete 
| 246|0x0000000711e00000, 0x0000000711f00000, 0x0000000711f00000|100%| E|CS|TAMS 0x0000000711e00000, 0x0000000711e00000| Complete 
| 247|0x0000000711f00000, 0x0000000712000000, 0x0000000712000000|100%| E|CS|TAMS 0x0000000711f00000, 0x0000000711f00000| Complete 
| 248|0x0000000712000000, 0x0000000712100000, 0x0000000712100000|100%| E|CS|TAMS 0x0000000712000000, 0x0000000712000000| Complete 
| 249|0x0000000712100000, 0x0000000712200000, 0x0000000712200000|100%| E|CS|TAMS 0x0000000712100000, 0x0000000712100000| Complete 
| 250|0x0000000712200000, 0x0000000712300000, 0x0000000712300000|100%| E|CS|TAMS 0x0000000712200000, 0x0000000712200000| Complete 
| 251|0x0000000712300000, 0x0000000712400000, 0x0000000712400000|100%| E|CS|TAMS 0x0000000712300000, 0x0000000712300000| Complete 
| 252|0x0000000712400000, 0x0000000712500000, 0x0000000712500000|100%| E|CS|TAMS 0x0000000712400000, 0x0000000712400000| Complete 
| 253|0x0000000712500000, 0x0000000712600000, 0x0000000712600000|100%| E|CS|TAMS 0x0000000712500000, 0x0000000712500000| Complete 

Card table byte_map: [0x00000164fead0000,0x00000164ff2c0000] _byte_map_base: 0x00000164fb2bc000

Marking Bits (Prev, Next): (CMBitMap*) 0x00000164dff4e248, (CMBitMap*) 0x00000164dff4e280
 Prev Bits: [0x0000016480000000, 0x0000016483f60000)
 Next Bits: [0x0000016483f60000, 0x0000016487ec0000)

Polling page: 0x00000164dfe00000

Metaspace:

Usage:
  Non-class:     12.91 MB capacity,    12.05 MB ( 93%) used,   860.63 KB (  7%) free+waste,    18.50 KB ( <1%) overhead. 
      Class:      1.69 MB capacity,     1.47 MB ( 87%) used,   219.80 KB ( 13%) free+waste,     8.13 KB ( <1%) overhead. 
       Both:     14.61 MB capacity,    13.53 MB ( 93%) used,     1.06 MB (  7%) free+waste,    26.63 KB ( <1%) overhead. 

Virtual space:
  Non-class space:       14.00 MB reserved,      13.00 MB ( 93%) committed 
      Class space:        1.00 GB reserved,       1.75 MB ( <1%) committed 
             Both:        1.01 GB reserved,      14.75 MB (  1%) committed 

Chunk freelists:
   Non-Class:  25.00 KB
       Class:  25.00 KB
        Both:  50.00 KB

MaxMetaspaceSize: 17179869184.00 GB
CompressedClassSpaceSize: 1.00 GB
Initial GC threshold: 20.80 MB
Current GC threshold: 20.80 MB
CDS: on

CodeHeap 'non-profiled nmethods': size=160448Kb used=845Kb max_used=845Kb free=159603Kb
 bounds [0x00000164f3b30000, 0x00000164f4b30000, 0x00000164fd7e0000]
CodeHeap 'profiled nmethods': size=160384Kb used=6531Kb max_used=6531Kb free=153852Kb
 bounds [0x00000164e9e90000, 0x00000164eae90000, 0x00000164f3b30000]
CodeHeap 'non-nmethods': size=6848Kb used=2307Kb max_used=2316Kb free=4540Kb
 bounds [0x00000164e97e0000, 0x00000164e9e90000, 0x00000164e9e90000]
 total_blobs=3229 nmethods=2793 adapters=347
 compilation: enabled
              stopped_count=0, restarted_count=0
 full_count=0

JVMCI Events (9 events):
Event: 0.057 Thread 0x00000164de40e000 created new Java JVMCI runtime -1 (0x00000164ffbd3cf0)
Event: 0.120 Thread 0x000001648ae20800 created new CompileBroker JVMCI runtime 0 (0x000001648af5abb0)
Event: 0.120 Thread 0x000001648ae20800 attached to JVMCI runtime 0
Event: 0.127 Thread 0x000001648ae20800 loaded JVMCI shared library from C:\graalvm-ce-java11-windows-amd64-22.3.0\graalvm-ce-java11-22.3.0\bin\jvmcicompiler.dll
Event: 0.131 Thread 0x000001648ae20800 created JavaVM[1]@0x0000016500bd8080 for JVMCI runtime 0
Event: 0.131 Thread 0x000001648ae20800 initializing JVMCI runtime 0
Event: 0.131 Thread 0x000001648ae20800 initializing JavaVM references in JVMCI runtime 0
Event: 0.131 Thread 0x000001648ae20800 initialized JavaVM references in JVMCI runtime 0
Event: 0.133 Thread 0x000001648ae20800 initialized JVMCI runtime 0

Compilation events (20 events):
Event: 2.087 Thread 0x000001648ae21800 nmethod 2713 0x00000164f3bfbb10 code [0x00000164f3bfbca0, 0x00000164f3bfbd78]
Event: 2.088 Thread 0x000001648af4d800 nmethod 2712 0x00000164ea4b7190 code [0x00000164ea4b7360, 0x00000164ea4b7728]
Event: 2.088 Thread 0x000001648af4a800 2715 %     3       org.codehaus.plexus.util.xml.Xpp3DomBuilder::build @ 28 (413 bytes)
Event: 2.088 Thread 0x000001648ae21800 2714       2       org.codehaus.plexus.util.xml.pull.MXParser::fillBuf (894 bytes)
Event: 2.088 Thread 0x000001648af4d800 2716       1       org.codehaus.plexus.configuration.DefaultPlexusConfiguration::getName (5 bytes)
Event: 2.089 Thread 0x000001648af4d800 nmethod 2716 0x00000164f3bfbe10 code [0x00000164f3bfbfa0, 0x00000164f3bfc078]
Event: 2.089 Thread 0x000001648af4d800 2718       2       org.codehaus.plexus.configuration.xml.XmlPlexusConfiguration::<init> (93 bytes)
Event: 2.089 Thread 0x000001648af4d800 nmethod 2718 0x00000164ea4b7890 code [0x00000164ea4b7aa0, 0x00000164ea4b7f28]
Event: 2.089 Thread 0x000001648af4d800 2717       2       org.codehaus.plexus.util.xml.Xpp3Dom::getChildren (40 bytes)
Event: 2.089 Thread 0x000001648af4d800 nmethod 2717 0x00000164ea4b8210 code [0x00000164ea4b83c0, 0x00000164ea4b85b8]
Event: 2.089 Thread 0x000001648af4d800 2719       2       org.codehaus.plexus.configuration.DefaultPlexusConfiguration::<init> (36 bytes)
Event: 2.089 Thread 0x000001648af4d800 nmethod 2719 0x00000164ea4b8690 code [0x00000164ea4b8840, 0x00000164ea4b8b98]
Event: 2.089 Thread 0x000001648af4d800 2721       2       org.codehaus.plexus.configuration.DefaultPlexusConfiguration::add (100 bytes)
Event: 2.090 Thread 0x000001648af4d800 nmethod 2721 0x00000164ea4b8c10 code [0x00000164ea4b8e20, 0x00000164ea4b9468]
Event: 2.090 Thread 0x000001648af4d800 2720       2       org.codehaus.plexus.configuration.DefaultPlexusConfiguration::addChild (7 bytes)
Event: 2.090 Thread 0x000001648af4a800 nmethod 2715% 0x00000164ea4b9690 code [0x00000164ea4b9be0, 0x00000164ea4be4a8]
Event: 2.090 Thread 0x000001648af4a800 2723       2       org.codehaus.plexus.configuration.DefaultPlexusConfiguration::setAttribute (36 bytes)
Event: 2.090 Thread 0x000001648af4d800 nmethod 2720 0x00000164ea4bf510 code [0x00000164ea4bf6c0, 0x00000164ea4bf7e8]
Event: 2.090 Thread 0x000001648af4a800 nmethod 2723 0x00000164ea4bf890 code [0x00000164ea4bfa40, 0x00000164ea4bfcd8]
Event: 2.091 Thread 0x000001648ae21800 nmethod 2714 0x00000164ea4bfe10 code [0x00000164ea4c0360, 0x00000164ea4c2138]

GC Heap History (2 events):
Event: 0.879 GC heap before
{Heap before GC invocations=0 (full 0):
 garbage-first heap   total 260096K, used 23552K [0x0000000702800000, 0x0000000800000000)
  region size 1024K, 24 young (24576K), 0 survivors (0K)
 Metaspace       used 5599K, capacity 7802K, committed 7936K, reserved 1056768K
  class space    used 613K, capacity 900K, committed 1024K, reserved 1048576K
}
Event: 0.884 GC heap after
{Heap after GC invocations=1 (full 0):
 garbage-first heap   total 260096K, used 3589K [0x0000000702800000, 0x0000000800000000)
  region size 1024K, 3 young (3072K), 3 survivors (3072K)
 Metaspace       used 5599K, capacity 7802K, committed 7936K, reserved 1056768K
  class space    used 613K, capacity 900K, committed 1024K, reserved 1048576K
}

Deoptimization events (20 events):
Event: 1.830 Thread 0x00000164de40e000 DEOPT PACKING pc=0x00000164f3b60e67 sp=0x0000003cd7ffdd50
Event: 1.830 Thread 0x00000164de40e000 DEOPT UNPACKING pc=0x00000164e982a771 sp=0x0000003cd7ffd218 mode 3
Event: 1.830 Thread 0x00000164de40e000 Uncommon trap: trap_request=0xffffffed fr.pc=0x00000164f3b718e7 relative=0x0000000000000327
Event: 1.830 Thread 0x00000164de40e000 Uncommon trap: reason=null_assert_or_unreached0 action=reinterpret pc=0x00000164f3b718e7 method=java.lang.AbstractStringBuilder.append(Ljava/lang/String;)Ljava/lang/AbstractStringBuilder; @ 0 jvmci
Event: 1.830 Thread 0x00000164de40e000 DEOPT PACKING pc=0x00000164f3b718e7 sp=0x0000003cd7ffdce0
Event: 1.830 Thread 0x00000164de40e000 DEOPT UNPACKING pc=0x00000164e982a771 sp=0x0000003cd7ffd1a0 mode 3
Event: 1.856 Thread 0x00000164de40e000 Uncommon trap: trap_request=0xffffffed fr.pc=0x00000164f3ba6b29 relative=0x00000000000003e9
Event: 1.856 Thread 0x00000164de40e000 Uncommon trap: reason=null_assert_or_unreached0 action=reinterpret pc=0x00000164f3ba6b29 method=java.lang.String.replace(CC)Ljava/lang/String; @ 0 jvmci
Event: 1.856 Thread 0x00000164de40e000 DEOPT PACKING pc=0x00000164f3ba6b29 sp=0x0000003cd7ffd8f0
Event: 1.856 Thread 0x00000164de40e000 DEOPT UNPACKING pc=0x00000164e982a771 sp=0x0000003cd7ffcda0 mode 3
Event: 1.924 Thread 0x00000164de40e000 DEOPT PACKING pc=0x00000164ea430bc3 sp=0x0000003cd7ffdaf0
Event: 1.924 Thread 0x00000164de40e000 DEOPT UNPACKING pc=0x00000164e982a771 sp=0x0000003cd7ffd030 mode 0
Event: 2.010 Thread 0x00000164de40e000 Uncommon trap: trap_request=0xffffffed fr.pc=0x00000164f3bf3825 relative=0x0000000000000925
Event: 2.010 Thread 0x00000164de40e000 Uncommon trap: reason=null_assert_or_unreached0 action=reinterpret pc=0x00000164f3bf3825 method=org.codehaus.plexus.util.xml.pull.MXParser.nextImpl()I @ 287 jvmci
Event: 2.010 Thread 0x00000164de40e000 DEOPT PACKING pc=0x00000164f3bf3825 sp=0x0000003cd7ffd0e0
Event: 2.010 Thread 0x00000164de40e000 DEOPT UNPACKING pc=0x00000164e982a771 sp=0x0000003cd7ffc550 mode 3
Event: 2.047 Thread 0x00000164de40e000 Uncommon trap: trap_request=0xffffffed fr.pc=0x00000164f3baa8d2 relative=0x0000000000000132
Event: 2.047 Thread 0x00000164de40e000 Uncommon trap: reason=null_assert_or_unreached0 action=reinterpret pc=0x00000164f3baa8d2 method=java.lang.String.regionMatches(ZILjava/lang/String;II)Z @ 0 jvmci
Event: 2.047 Thread 0x00000164de40e000 DEOPT PACKING pc=0x00000164f3baa8d2 sp=0x0000003cd7ffd530
Event: 2.047 Thread 0x00000164de40e000 DEOPT UNPACKING pc=0x00000164e982a771 sp=0x0000003cd7ffc9c8 mode 3

Classes redefined (0 events):
No events

Internal exceptions (17 events):
Event: 0.287 Thread 0x00000164de40e000 Exception <a 'java/lang/NoSuchMethodError'{0x0000000712069c68}: 'int java.lang.invoke.DirectMethodHandle$Holder.invokeSpecialIFC(java.lang.Object, java.lang.Object, int)'> (0x0000000712069c68) thrown at [./src/hotspot/share/interpreter/linkResolver.cpp, line 773]
Event: 0.305 Thread 0x00000164de40e000 Exception <a 'java/lang/NullPointerException'{0x00000007120d57a8}> (0x00000007120d57a8) thrown at [./src/hotspot/share/interpreter/linkResolver.cpp, line 1358]
Event: 0.338 Thread 0x00000164de40e000 Exception <a 'java/lang/NullPointerException'{0x0000000711f200c8}> (0x0000000711f200c8) thrown at [./src/hotspot/share/interpreter/linkResolver.cpp, line 1358]
Event: 0.338 Thread 0x00000164de40e000 Exception <a 'java/lang/NullPointerException'{0x0000000711f20398}> (0x0000000711f20398) thrown at [./src/hotspot/share/interpreter/linkResolver.cpp, line 1358]
Event: 0.338 Thread 0x00000164de40e000 Exception <a 'java/lang/NullPointerException'{0x0000000711f20668}> (0x0000000711f20668) thrown at [./src/hotspot/share/interpreter/linkResolver.cpp, line 1358]
Event: 0.339 Thread 0x00000164de40e000 Exception <a 'java/lang/NullPointerException'{0x0000000711f26d18}> (0x0000000711f26d18) thrown at [./src/hotspot/share/interpreter/linkResolver.cpp, line 1358]
Event: 0.341 Thread 0x00000164de40e000 Exception <a 'java/lang/NullPointerException'{0x0000000711f3d3a8}> (0x0000000711f3d3a8) thrown at [./src/hotspot/share/interpreter/linkResolver.cpp, line 1358]
Event: 0.341 Thread 0x00000164de40e000 Exception <a 'java/lang/NullPointerException'{0x0000000711f3d678}> (0x0000000711f3d678) thrown at [./src/hotspot/share/interpreter/linkResolver.cpp, line 1358]
Event: 0.341 Thread 0x00000164de40e000 Exception <a 'java/lang/NullPointerException'{0x0000000711f3d948}> (0x0000000711f3d948) thrown at [./src/hotspot/share/interpreter/linkResolver.cpp, line 1358]
Event: 0.341 Thread 0x00000164de40e000 Exception <a 'java/lang/NullPointerException'{0x0000000711f3dc18}> (0x0000000711f3dc18) thrown at [./src/hotspot/share/interpreter/linkResolver.cpp, line 1358]
Event: 0.828 Thread 0x00000164de40e000 Exception <a 'java/lang/NoClassDefFoundError'{0x000000071122ec48}: javax/enterprise/inject/Typed> (0x000000071122ec48) thrown at [./src/hotspot/share/classfile/systemDictionary.cpp, line 216]
Event: 1.142 Thread 0x00000164de40e000 Implicit null exception at 0x00000164f3b76f4d to 0x00000164f3b77686
Event: 1.649 Thread 0x00000164de40e000 Exception <a 'java/lang/NoClassDefFoundError'{0x000000070fe40c60}: com/google/inject/servlet/ServletModuleTargetVisitor> (0x000000070fe40c60) thrown at [./src/hotspot/share/classfile/systemDictionary.cpp, line 216]
Event: 1.649 Thread 0x00000164de40e000 Exception <a 'java/lang/NoClassDefFoundError'{0x000000070fe40c60}> (0x000000070fe40c60) thrown at [./src/hotspot/share/prims/jvm.cpp, line 1310]
Event: 1.701 Thread 0x00000164de40e000 Exception <a 'java/lang/NoSuchMethodError'{0x000000070fd7a058}: 'java.lang.Object java.lang.invoke.DirectMethodHandle$Holder.invokeStaticInit(java.lang.Object, int, int, int, int)'> (0x000000070fd7a058) thrown at [./src/hotspot/share/interpreter/linkResolver.cpp, line 773]
Event: 1.830 Thread 0x00000164de40e000 Implicit null exception at 0x00000164f3b60b95 to 0x00000164f3b60e4c
Event: 1.830 Thread 0x00000164de40e000 Implicit null exception at 0x00000164f3b71615 to 0x00000164f3b718cc

Events (20 events):
Event: 1.951 loading class org/eclipse/aether/version/VersionRange
Event: 1.951 loading class org/eclipse/aether/version/VersionRange done
Event: 1.951 loading class org/eclipse/aether/util/version/GenericVersionConstraint
Event: 1.951 loading class org/eclipse/aether/util/version/GenericVersionConstraint done
Event: 1.952 loading class org/eclipse/aether/util/version/GenericVersion
Event: 1.952 loading class org/eclipse/aether/util/version/GenericVersion done
Event: 1.952 loading class org/eclipse/aether/util/version/GenericVersion$Tokenizer
Event: 1.952 loading class org/eclipse/aether/util/version/GenericVersion$Tokenizer done
Event: 1.953 loading class org/eclipse/aether/util/version/GenericVersion$Item
Event: 1.953 loading class org/eclipse/aether/util/version/GenericVersion$Item done
Event: 2.066 loading class org/apache/maven/repository/internal/ArtifactDescriptorReaderDelegate
Event: 2.066 loading class org/apache/maven/repository/internal/ArtifactDescriptorReaderDelegate done
Event: 2.068 loading class org/eclipse/aether/graph/Dependency$Exclusions
Event: 2.068 loading class org/eclipse/aether/graph/Dependency$Exclusions done
Event: 2.080 loading class org/codehaus/plexus/configuration/xml/XmlPlexusConfiguration
Event: 2.080 loading class org/codehaus/plexus/configuration/xml/XmlPlexusConfiguration done
Event: 2.081 loading class org/codehaus/plexus/configuration/DefaultPlexusConfiguration
Event: 2.081 loading class org/codehaus/plexus/configuration/DefaultPlexusConfiguration done
Event: 2.091 loading class org/apache/maven/plugin/descriptor/DuplicateParameterException
Event: 2.091 loading class org/apache/maven/plugin/descriptor/DuplicateParameterException done


Dynamic libraries:
0x00007ff69cce0000 - 0x00007ff69cced000 	C:\graalvm-ce-java11-windows-amd64-22.3.0\graalvm-ce-java11-22.3.0\bin\java.exe
0x00007ffd69d90000 - 0x00007ffd69f88000 	C:\Windows\SYSTEM32\ntdll.dll
0x00007ffd68010000 - 0x00007ffd680cf000 	C:\Windows\System32\KERNEL32.DLL
0x00007ffd67630000 - 0x00007ffd67902000 	C:\Windows\System32\KERNELBASE.dll
0x00007ffd67cd0000 - 0x00007ffd67dd0000 	C:\Windows\System32\ucrtbase.dll
0x00007ffd60180000 - 0x00007ffd60197000 	C:\graalvm-ce-java11-windows-amd64-22.3.0\graalvm-ce-java11-22.3.0\bin\jli.dll
0x00007ffd69b60000 - 0x00007ffd69d01000 	C:\Windows\System32\USER32.dll
0x00007ffd67910000 - 0x00007ffd67932000 	C:\Windows\System32\win32u.dll
0x00007ffd68290000 - 0x00007ffd682bb000 	C:\Windows\System32\GDI32.dll
0x00007ffd67bc0000 - 0x00007ffd67ccf000 	C:\Windows\System32\gdi32full.dll
0x00007ffd679c0000 - 0x00007ffd67a5d000 	C:\Windows\System32\msvcp_win.dll
0x00007ffd60160000 - 0x00007ffd60175000 	C:\graalvm-ce-java11-windows-amd64-22.3.0\graalvm-ce-java11-22.3.0\bin\VCRUNTIME140.dll
0x00007ffd3db60000 - 0x00007ffd3ddfa000 	C:\Windows\WinSxS\amd64_microsoft.windows.common-controls_6595b64144ccf1df_6.0.19041.1110_none_60b5254171f9507e\COMCTL32.dll
0x00007ffd69ac0000 - 0x00007ffd69b5e000 	C:\Windows\System32\msvcrt.dll
0x00007ffd69d10000 - 0x00007ffd69d42000 	C:\Windows\System32\IMM32.DLL
0x00007ffd24010000 - 0x00007ffd24682000 	C:\Program Files\McAfee\DLP\Agent\fcagpph64.dll
0x00007ffd68ad0000 - 0x00007ffd68b7e000 	C:\Windows\System32\ADVAPI32.dll
0x00007ffd689d0000 - 0x00007ffd68a6c000 	C:\Windows\System32\sechost.dll
0x00007ffd67ee0000 - 0x00007ffd68005000 	C:\Windows\System32\RPCRT4.dll
0x00007ffd692a0000 - 0x00007ffd699e4000 	C:\Windows\System32\SHELL32.dll
0x00007ffd69050000 - 0x00007ffd6917a000 	C:\Windows\System32\ole32.dll
0x00007ffd68670000 - 0x00007ffd689c5000 	C:\Windows\System32\combase.dll
0x00007ffd684c0000 - 0x00007ffd68515000 	C:\Windows\System32\SHLWAPI.dll
0x00007ffd68450000 - 0x00007ffd684bb000 	C:\Windows\System32\WS2_32.dll
0x00007ffd699f0000 - 0x00007ffd69abd000 	C:\Windows\System32\OLEAUT32.dll
0x00007ffd46f20000 - 0x00007ffd46fb8000 	C:\Windows\SYSTEM32\WINSPOOL.DRV
0x00007ffd5e950000 - 0x00007ffd5e95a000 	C:\Windows\SYSTEM32\VERSION.dll
0x00007ffd67340000 - 0x00007ffd67372000 	C:\Windows\SYSTEM32\SspiCli.dll
0x00007ffd66540000 - 0x00007ffd66573000 	C:\Windows\SYSTEM32\ntmarta.dll
0x00007ffd222a0000 - 0x00007ffd2277e000 	C:\Program Files\McAfee\DLP\Agent\fcagafa64.dll
0x00000164dfe30000 - 0x00000164dfe44000 	C:\Windows\System32\umppc16207.dll
0x00007ffd49450000 - 0x00007ffd494eb000 	C:\graalvm-ce-java11-windows-amd64-22.3.0\graalvm-ce-java11-22.3.0\bin\msvcp140.dll
0x00007ffd0e740000 - 0x00007ffd0f274000 	C:\graalvm-ce-java11-windows-amd64-22.3.0\graalvm-ce-java11-22.3.0\bin\server\jvm.dll
0x00007ffd68280000 - 0x00007ffd68288000 	C:\Windows\System32\PSAPI.DLL
0x00007ffd4b9a0000 - 0x00007ffd4b9a9000 	C:\Windows\SYSTEM32\WSOCK32.dll
0x00007ffd4bbf0000 - 0x00007ffd4bc17000 	C:\Windows\SYSTEM32\WINMM.dll
0x00007ffd652b0000 - 0x00007ffd652c2000 	C:\Windows\SYSTEM32\kernel.appcore.dll
0x00007ffd63040000 - 0x00007ffd63050000 	C:\graalvm-ce-java11-windows-amd64-22.3.0\graalvm-ce-java11-22.3.0\bin\verify.dll
0x00007ffd4f230000 - 0x00007ffd4f414000 	C:\Windows\SYSTEM32\DBGHELP.DLL
0x00007ffd48d10000 - 0x00007ffd48d45000 	C:\Windows\SYSTEM32\dbgcore.DLL
0x00007ffd67480000 - 0x00007ffd67502000 	C:\Windows\System32\bcryptPrimitives.dll
0x00007ffd60130000 - 0x00007ffd60158000 	C:\graalvm-ce-java11-windows-amd64-22.3.0\graalvm-ce-java11-22.3.0\bin\java.dll
0x00007ffd62fb0000 - 0x00007ffd62fba000 	C:\graalvm-ce-java11-windows-amd64-22.3.0\graalvm-ce-java11-22.3.0\bin\jimage.dll
0x00007ffd49430000 - 0x00007ffd49448000 	C:\graalvm-ce-java11-windows-amd64-22.3.0\graalvm-ce-java11-22.3.0\bin\zip.dll
0x00007ffd654b0000 - 0x00007ffd65c42000 	C:\Windows\SYSTEM32\windows.storage.dll
0x00007ffd66e00000 - 0x00007ffd66e30000 	C:\Windows\SYSTEM32\Wldp.dll
0x00007ffd67e30000 - 0x00007ffd67edd000 	C:\Windows\System32\SHCORE.dll
0x00007ffd673c0000 - 0x00007ffd673df000 	C:\Windows\SYSTEM32\profapi.dll
0x00007ffd0c8d0000 - 0x00007ffd0e73d000 	C:\graalvm-ce-java11-windows-amd64-22.3.0\graalvm-ce-java11-22.3.0\bin\jvmcicompiler.dll
0x00007ffd67380000 - 0x00007ffd673ae000 	C:\Windows\SYSTEM32\USERENV.dll
0x00007ffd66be0000 - 0x00007ffd66c4a000 	C:\Windows\SYSTEM32\MSWSOCK.dll
0x00007ffd668a0000 - 0x00007ffd668db000 	C:\Windows\SYSTEM32\IPHLPAPI.DLL
0x00007ffd417d0000 - 0x00007ffd417e9000 	C:\graalvm-ce-java11-windows-amd64-22.3.0\graalvm-ce-java11-22.3.0\bin\net.dll
0x00007ffd593f0000 - 0x00007ffd594fc000 	C:\Windows\SYSTEM32\WINHTTP.dll
0x00007ffd3e7e0000 - 0x00007ffd3e7f3000 	C:\graalvm-ce-java11-windows-amd64-22.3.0\graalvm-ce-java11-22.3.0\bin\nio.dll
0x0000000000220000 - 0x0000000000244000 	C:\ProgramData\chocolatey\lib\maven\apache-maven-3.8.7\lib\jansi-native\Windows\x86_64\jansi.dll

dbghelp: loaded successfully - version: 4.0.5 - missing functions: none
symbol engine: initialized successfully - sym options: 0x614 - pdb path: .;C:\graalvm-ce-java11-windows-amd64-22.3.0\graalvm-ce-java11-22.3.0\bin;C:\Windows\SYSTEM32;C:\Windows\WinSxS\amd64_microsoft.windows.common-controls_6595b64144ccf1df_6.0.19041.1110_none_60b5254171f9507e;C:\Program Files\McAfee\DLP\Agent;C:\graalvm-ce-java11-windows-amd64-22.3.0\graalvm-ce-java11-22.3.0\bin\server;C:\ProgramData\chocolatey\lib\maven\apache-maven-3.8.7\lib\jansi-native\Windows\x86_64

VM Arguments:
jvm_args: -XX:ThreadPriorityPolicy=1 -XX:+UnlockExperimentalVMOptions -XX:+EnableJVMCIProduct -XX:JVMCIThreadsPerNativeLibraryRuntime=1 -XX:-UnlockExperimentalVMOptions -Djavax.net.ssl.trustStore=C:\keystore\keystore.jks -Djavax.net.ssl.trustStorePassword=changeit -Dclassworlds.conf=C:\ProgramData\chocolatey\lib\maven\apache-maven-3.8.7\bin\m2.conf -Dmaven.home=C:\ProgramData\chocolatey\lib\maven\apache-maven-3.8.7 -Dlibrary.jansi.path=C:\ProgramData\chocolatey\lib\maven\apache-maven-3.8.7\lib\jansi-native -Dmaven.multiModuleProjectDirectory=C:\Users\10015760\Downloads\f00188-sim-card-registration-ch-barring-cqr-and-retry-master\f00188-sim-card-registration-ch-barring-cqr-and-retry 
java_command: org.codehaus.plexus.classworlds.launcher.Launcher clean install -U quarkus:dev
java_class_path (initial): C:\ProgramData\chocolatey\lib\maven\apache-maven-3.8.7\boot\plexus-classworlds-2.6.0.jar
Launcher Type: SUN_STANDARD

[Global flags]
     intx CICompilerCount                          = 4                                         {product} {ergonomic}
     uint ConcGCThreads                            = 2                                         {product} {ergonomic}
     bool EnableJVMCIProduct                       = true                                {JVMCI product} {jimage}
     uint G1ConcRefinementThreads                  = 8                                         {product} {ergonomic}
   size_t G1HeapRegionSize                         = 1048576                                   {product} {ergonomic}
    uintx GCDrainStackTargetSize                   = 64                                        {product} {ergonomic}
   size_t InitialHeapSize                          = 266338304                                 {product} {ergonomic}
     uint JVMCIThreadsPerNativeLibraryRuntime      = 1                                   {JVMCI product} {jimage}
   size_t MarkStackSize                            = 4194304                                   {product} {ergonomic}
   size_t MaxHeapSize                              = 4253024256                                {product} {ergonomic}
   size_t MaxNewSize                               = 2551185408                                {product} {ergonomic}
   size_t MinHeapDeltaBytes                        = 1048576                                   {product} {ergonomic}
    uintx NonNMethodCodeHeapSize                   = 6978596                                {pd product} {ergonomic}
    uintx NonProfiledCodeHeapSize                  = 164282862                              {pd product} {ergonomic}
    uintx ProfiledCodeHeapSize                     = 164282862                              {pd product} {ergonomic}
    uintx ReservedCodeCacheSize                    = 335544320                              {pd product} {ergonomic}
     bool SegmentedCodeCache                       = true                                      {product} {ergonomic}
     intx ThreadPriorityPolicy                     = 1                                         {product} {jimage}
     bool UseCompressedClassPointers               = true                                 {lp64_product} {ergonomic}
     bool UseCompressedOops                        = true                                 {lp64_product} {ergonomic}
     bool UseG1GC                                  = true                                      {product} {ergonomic}
     bool UseLargePagesIndividualAllocation        = false                                  {pd product} {ergonomic}

Logging:
Log output configuration:
 #0: stdout all=warning uptime,level,tags
 #1: stderr all=off uptime,level,tags

Environment Variables:
JAVA_HOME=C:\graalvm-ce-java11-windows-amd64-22.3.0\graalvm-ce-java11-22.3.0
PATH=C:\Program Files\Microsoft Visual Studio\2022\Community\VC\Tools\MSVC\14.34.31933\bin\HostX64\x64;C:\Program Files\Microsoft Visual Studio\2022\Community\Common7\IDE\VC\VCPackages;C:\Program Files\Microsoft Visual Studio\2022\Community\Common7\IDE\CommonExtensions\Microsoft\TestWindow;C:\Program Files\Microsoft Visual Studio\2022\Community\Common7\IDE\CommonExtensions\Microsoft\TeamFoundation\Team Explorer;C:\Program Files\Microsoft Visual Studio\2022\Community\MSBuild\Current\bin\Roslyn;C:\Program Files\Microsoft Visual Studio\2022\Community\Team Tools\Performance Tools\x64;C:\Program Files\Microsoft Visual Studio\2022\Community\Team Tools\Performance Tools;C:\Program Files (x86)\Microsoft SDKs\Windows\v10.0A\bin\NETFX 4.8 Tools\x64\;C:\Program Files\Microsoft Visual Studio\2022\Community\Common7\IDE\CommonExtensions\Microsoft\FSharp\Tools;C:\Program Files (x86)\Windows Kits\10\bin\10.0.22000.0\\x64;C:\Program Files (x86)\Windows Kits\10\bin\\x64;C:\Program Files\Microsoft Visual Studio\2022\Community\\MSBuild\Current\Bin\amd64;C:\Windows\Microsoft.NET\Framework64\v4.0.30319;C:\Program Files\Microsoft Visual Studio\2022\Community\Common7\IDE\;C:\Program Files\Microsoft Visual Studio\2022\Community\Common7\Tools\;C:\graalvm-ce-java11-windows-amd64-22.3.0\graalvm-ce-java11-22.3.0\bin;%PATH;C:\Program Files\Docker\Docker\resources\bin;C:\ProgramData\chocolatey\bin;C:\Program Files\nodejs\;C:\ProgramData\chocolatey\lib\maven\apache-maven-3.8.7\bin;C:\Windows\System32;C:\Users\10015760\AppData\Local\Programs\Python\Python311\Scripts\;C:\Users\10015760\AppData\Local\Programs\Python\Python311\;C:\Users\10015760\AppData\Local\Microsoft\WindowsApps;C:\Users\10015760\AppData\Local\Programs\Git\cmd;C:\Users\10015760\AppData\Local\Programs\Microsoft VS Code\bin;C:\Users\10015760\AppData\Roaming\npm;C:\Windows\System32;;C:\Program Files\Microsoft Visual Studio\2022\Community\Common7\IDE\CommonExtensions\Microsoft\CMake\CMake\bin;C:\Program Files\Microsoft Visual Studio\2022\C
USERNAME=10015760
OS=Windows_NT
PROCESSOR_IDENTIFIER=Intel64 Family 6 Model 142 Stepping 12, GenuineIntel
TMP=C:\Users\10015760\AppData\Local\Temp
TEMP=C:\Users\10015760\AppData\Local\Temp



---------------  S Y S T E M  ---------------

OS: Windows 10 , 64 bit Build 19041 (10.0.19041.2364)
OS uptime: 2 days 21:07 hours
Hyper-V role detected

CPU:total 8 (initial active 8) (4 cores per cpu, 2 threads per core) family 6 model 142 stepping 12 microcode 0xf4, cmov, cx8, fxsr, mmx, sse, sse2, sse3, ssse3, sse4.1, sse4.2, popcnt, avx, avx2, aes, clmul, erms, 3dnowpref, lzcnt, ht, tsc, tscinvbit, bmi1, bmi2, adx, fma

Memory: 4k page, system-wide physical 16221M (3670M free)
TotalPageFile size 17245M (AvailPageFile size 4M)
current process WorkingSet (physical memory assigned to process): 196M, peak: 196M
current process commit charge ("private bytes"): 448M, peak: 448M

vm_info: OpenJDK 64-Bit Server VM (11.0.17+8-jvmci-22.3-b08) for windows-amd64 JRE (11.0.17+8-jvmci-22.3-b08), built on Oct 19 2022 01:56:15 by "" with MS VC++ 15.9 (VS2017)

END.
